{"level":"info","ts":1745463655.31719,"caller":"cmd/main.go:40","msg":"Configuration loaded","config":{"Server":{"Port":8080,"Timeout":30000000000},"Database":{"Host":"localhost","Port":5433,"User":"postgres","Password":"postgres","DBName":"qhronos","SSLMode":"disable"},"Redis":{"Host":"localhost","Port":6379,"Password":"","DB":0},"Auth":{"MasterToken":"your-master-token-here","JWTSecret":"your-jwt-secret-here"},"HMAC":{"DefaultSecret":"qhronos.io"},"Scheduler":{"LookAheadDuration":86400000000000,"ExpansionInterval":300000000000},"Retention":{"Events":"30d","Occurrences":"7d","CleanupInterval":"1h"},"Archival":{"CheckPeriod":3600000000000},"Logging":{"Level":"info","FilePath":"logs/qhronos.log","MaxSize":50,"MaxBackups":7,"MaxAge":30}}}
{"level":"info","ts":1745463655.334219,"caller":"scheduler/expander.go:268","msg":"Starting Expander service","interval":300}
{"level":"info","ts":1745463655.334219,"caller":"scheduler/dispatcher.go:201","msg":"Starting dispatcher"}
{"level":"info","ts":1745463655.33441,"caller":"cmd/main.go:143","msg":"Starting server","port":8080}
{"level":"warn","ts":1745463656.3491662,"caller":"scheduler/dispatcher.go:228","msg":"Event not found for occurrence","occurrence_id":25}
{"level":"warn","ts":1745463656.350388,"caller":"scheduler/dispatcher.go:228","msg":"Event not found for occurrence","occurrence_id":26}
{"level":"error","ts":1745463955.3428988,"caller":"scheduler/expander.go:67","msg":"Error expanding non-recurring event","event_id":"7f699dbd-3e4f-4248-836c-5636260fa433","error":"event schedule is nil","stacktrace":"github.com/feedloop/qhronos/internal/scheduler.(*Expander).ExpandEvents\n\t/Users/rizqme/Workspace/qhronos/internal/scheduler/expander.go:67\ngithub.com/feedloop/qhronos/internal/scheduler.(*Expander).Run\n\t/Users/rizqme/Workspace/qhronos/internal/scheduler/expander.go:278\nmain.main.func1\n\t/Users/rizqme/Workspace/qhronos/cmd/main.go:113"}
{"level":"error","ts":1745464255.3205068,"caller":"scheduler/expander.go:67","msg":"Error expanding non-recurring event","event_id":"7f699dbd-3e4f-4248-836c-5636260fa433","error":"event schedule is nil","stacktrace":"github.com/feedloop/qhronos/internal/scheduler.(*Expander).ExpandEvents\n\t/Users/rizqme/Workspace/qhronos/internal/scheduler/expander.go:67\ngithub.com/feedloop/qhronos/internal/scheduler.(*Expander).Run\n\t/Users/rizqme/Workspace/qhronos/internal/scheduler/expander.go:278\nmain.main.func1\n\t/Users/rizqme/Workspace/qhronos/cmd/main.go:113"}
{"level":"warn","ts":1745464448.322419,"caller":"scheduler/dispatcher.go:228","msg":"Event not found for occurrence","occurrence_id":87}
{"level":"warn","ts":1745464448.323478,"caller":"scheduler/dispatcher.go:228","msg":"Event not found for occurrence","occurrence_id":88}
{"level":"error","ts":1745464555.318721,"caller":"scheduler/expander.go:67","msg":"Error expanding non-recurring event","event_id":"7f699dbd-3e4f-4248-836c-5636260fa433","error":"event schedule is nil","stacktrace":"github.com/feedloop/qhronos/internal/scheduler.(*Expander).ExpandEvents\n\t/Users/rizqme/Workspace/qhronos/internal/scheduler/expander.go:67\ngithub.com/feedloop/qhronos/internal/scheduler.(*Expander).Run\n\t/Users/rizqme/Workspace/qhronos/internal/scheduler/expander.go:278\nmain.main.func1\n\t/Users/rizqme/Workspace/qhronos/cmd/main.go:113"}
{"level":"warn","ts":1745464566.3193002,"caller":"scheduler/dispatcher.go:228","msg":"Event not found for occurrence","occurrence_id":96}
{"level":"warn","ts":1745464566.319894,"caller":"scheduler/dispatcher.go:228","msg":"Event not found for occurrence","occurrence_id":97}
{"level":"warn","ts":1745464646.320538,"caller":"scheduler/dispatcher.go:228","msg":"Event not found for occurrence","occurrence_id":105}
{"level":"warn","ts":1745464646.3213131,"caller":"scheduler/dispatcher.go:228","msg":"Event not found for occurrence","occurrence_id":106}
{"level":"warn","ts":1745464740.323124,"caller":"scheduler/dispatcher.go:228","msg":"Event not found for occurrence","occurrence_id":114}
{"level":"warn","ts":1745464740.324268,"caller":"scheduler/dispatcher.go:228","msg":"Event not found for occurrence","occurrence_id":115}
{"level":"info","ts":1745464747.683265,"caller":"cmd/main.go:130","msg":"Shutting down server..."}
{"level":"info","ts":1745464747.68353,"caller":"scheduler/archiver.go:116","msg":"[archiver] Stopping archival scheduler."}
{"level":"info","ts":1745464749.834229,"caller":"cmd/main.go:41","msg":"Configuration loaded","config":{"Server":{"Port":8080,"Timeout":30000000000},"Database":{"Host":"localhost","Port":5433,"User":"postgres","Password":"postgres","DBName":"qhronos","SSLMode":"disable"},"Redis":{"Host":"localhost","Port":6379,"Password":"","DB":0},"Auth":{"MasterToken":"your-master-token-here","JWTSecret":"your-jwt-secret-here"},"HMAC":{"DefaultSecret":"qhronos.io"},"Scheduler":{"LookAheadDuration":86400000000000,"ExpansionInterval":300000000000},"Retention":{"Events":"30d","Occurrences":"7d","CleanupInterval":"1h"},"Archival":{"CheckPeriod":3600000000000},"Logging":{"Level":"info","FilePath":"logs/qhronos.log","MaxSize":50,"MaxBackups":7,"MaxAge":30}}}
{"level":"info","ts":1745464749.847428,"caller":"scheduler/dispatcher.go:201","msg":"Starting dispatcher"}
{"level":"info","ts":1745464749.847428,"caller":"scheduler/expander.go:269","msg":"Starting Expander service","interval":300}
{"level":"info","ts":1745464749.847544,"caller":"cmd/main.go:144","msg":"Starting server","port":8080}
{"level":"info","ts":1745465049.855822,"caller":"scheduler/expander.go:245","msg":"Event is in the past, skipping","event_id":"7f699dbd-3e4f-4248-836c-5636260fa433"}
{"level":"info","ts":1745465335.7143092,"caller":"cmd/main.go:131","msg":"Shutting down server..."}
{"level":"info","ts":1745465335.7146728,"caller":"scheduler/archiver.go:116","msg":"[archiver] Stopping archival scheduler."}
